2025-10-13 09:47:16,107 [INFO] Activator:176 - 


2025-10-13 09:47:16,114 [INFO] Activator:177 - !SESSION log4j initialized
2025-10-13 09:47:22,520 [INFO] LogOutputStream:77 - [STDOUT_REDIRECT] 
2025-10-13 09:47:23,732 [INFO] ApplicationProperties:184 - Using Application install path: C:\ST\STM32CubeIDE_1.16.0\STM32CubeIDE\plugins\com.st.stm32cube.common.mx_6.15.0.202507011659
2025-10-13 09:47:23,764 [INFO] DbMcusXml:78 - Set database path to: C:\ST\STM32CubeIDE_1.16.0\STM32CubeIDE\plugins\com.st.stm32cube.common.mx_6.15.0.202507011659\\db\/mcu/
2025-10-13 09:47:23,764 [INFO] ApiDb:274 - Set plugin database path to: C:\ST\STM32CubeIDE_1.16.0\STM32CubeIDE\plugins\com.st.stm32cube.common.mx_6.15.0.202507011659\\db\/plugins/boardmanager/
2025-10-13 09:47:23,766 [WARN] ApiDb:259 - Overriding images path with different value:  => C:\ST\STM32CubeIDE_1.16.0\STM32CubeIDE\plugins\com.st.stm32cube.common.mx_6.15.0.202507011659\\db\/plugins/mcufinder/images/
2025-10-13 09:47:23,796 [INFO] ApiDb:250 - Set database path to: C:\Users\rolni\.stmcufinder\plugins\mcufinder//mcu/
2025-10-13 09:47:23,798 [INFO] DbMcusAds:125 - Set database path to: C:\Users\rolni\.stmcufinder\plugins\mcufinder//mcu/
2025-10-13 09:47:23,803 [INFO] CrossReferenceDbSqlite:203 - Set database path to: C:\Users\rolni\.stmcufinder\plugins\mcufinder//mcu/cs/
2025-10-13 09:47:24,034 [INFO] RulesReader:64 - Compatibility file has been processed (317 Rules)
2025-10-13 09:47:24,212 [INFO] DbMcusXml:78 - Set database path to: C:\ST\STM32CubeIDE_1.16.0\STM32CubeIDE\plugins\com.st.stm32cube.common.mx_6.15.0.202507011659\\db\/mcu/
2025-10-13 09:47:24,212 [INFO] ApiDb:274 - Set plugin database path to: C:\ST\STM32CubeIDE_1.16.0\STM32CubeIDE\plugins\com.st.stm32cube.common.mx_6.15.0.202507011659\\db\/plugins/boardmanager/
2025-10-13 09:47:24,212 [INFO] ApiDb:261 - Set plugin images path to: C:\ST\STM32CubeIDE_1.16.0\STM32CubeIDE\plugins\com.st.stm32cube.common.mx_6.15.0.202507011659\\db\/plugins/mcufinder/images/
2025-10-13 09:47:24,213 [WARN] DbFile:41 - Overriding database path with different value: C:\Users\rolni\.stmcufinder\plugins\mcufinder/ => C:\Users\rolni\.stmcufinder\plugins\mcufinder
2025-10-13 09:47:24,213 [INFO] ApiDb:250 - Set database path to: C:\Users\rolni\.stmcufinder\plugins\mcufinder//mcu/
2025-10-13 09:47:24,213 [WARN] DbFile:41 - Overriding database path with different value: C:\Users\rolni\.stmcufinder\plugins\mcufinder/ => C:\Users\rolni\.stmcufinder\plugins\mcufinder
2025-10-13 09:47:24,213 [INFO] DbMcusAds:125 - Set database path to: C:\Users\rolni\.stmcufinder\plugins\mcufinder//mcu/
2025-10-13 09:47:24,213 [WARN] DbFile:41 - Overriding database path with different value: C:\Users\rolni\.stmcufinder\plugins\mcufinder/ => C:\Users\rolni\.stmcufinder\plugins\mcufinder
2025-10-13 09:47:24,214 [WARN] DbFile:41 - Overriding database path with different value: C:\Users\rolni\.stmcufinder\plugins\mcufinder/ => C:\Users\rolni\.stmcufinder\plugins\mcufinder
2025-10-13 09:47:24,214 [INFO] CrossReferenceDbSqlite:203 - Set database path to: C:\Users\rolni\.stmcufinder\plugins\mcufinder//mcu/cs/
2025-10-13 09:47:24,336 [INFO] MainPanel:274 - HeapMemory: 268435456
2025-10-13 09:47:24,509 [INFO] DbMcusXml:78 - Set database path to: C:\ST\STM32CubeIDE_1.16.0\STM32CubeIDE\plugins\com.st.stm32cube.common.mx_6.15.0.202507011659\\db\/mcu/
2025-10-13 09:47:24,510 [INFO] ApiDb:274 - Set plugin database path to: C:\ST\STM32CubeIDE_1.16.0\STM32CubeIDE\plugins\com.st.stm32cube.common.mx_6.15.0.202507011659\\db\/plugins/boardmanager/
2025-10-13 09:47:24,510 [INFO] ApiDb:261 - Set plugin images path to: C:\ST\STM32CubeIDE_1.16.0\STM32CubeIDE\plugins\com.st.stm32cube.common.mx_6.15.0.202507011659\\db\/plugins/mcufinder/images/
2025-10-13 09:47:24,510 [WARN] DbFile:41 - Overriding database path with different value: C:\Users\rolni\.stmcufinder\plugins\mcufinder/ => C:\Users\rolni\.stmcufinder\plugins\mcufinder
2025-10-13 09:47:24,510 [INFO] ApiDb:250 - Set database path to: C:\Users\rolni\.stmcufinder\plugins\mcufinder//mcu/
2025-10-13 09:47:24,510 [WARN] DbFile:41 - Overriding database path with different value: C:\Users\rolni\.stmcufinder\plugins\mcufinder/ => C:\Users\rolni\.stmcufinder\plugins\mcufinder
2025-10-13 09:47:24,510 [INFO] DbMcusAds:125 - Set database path to: C:\Users\rolni\.stmcufinder\plugins\mcufinder//mcu/
2025-10-13 09:47:24,510 [WARN] DbFile:41 - Overriding database path with different value: C:\Users\rolni\.stmcufinder\plugins\mcufinder/ => C:\Users\rolni\.stmcufinder\plugins\mcufinder
2025-10-13 09:47:24,511 [WARN] DbFile:41 - Overriding database path with different value: C:\Users\rolni\.stmcufinder\plugins\mcufinder/ => C:\Users\rolni\.stmcufinder\plugins\mcufinder
2025-10-13 09:47:24,511 [INFO] CrossReferenceDbSqlite:203 - Set database path to: C:\Users\rolni\.stmcufinder\plugins\mcufinder//mcu/cs/
2025-10-13 09:47:24,534 [INFO] ApplicationProperties:184 - Using Application install path: C:\ST\STM32CubeIDE_1.16.0\STM32CubeIDE\plugins\com.st.stm32cube.common.mx_6.15.0.202507011659
2025-10-13 09:47:24,535 [INFO] PluginManage:196 - Search for loadable plugins [exclusion list=, ]
2025-10-13 09:47:24,538 [INFO] PluginManage:310 - Check plugin analytics
2025-10-13 09:47:24,752 [INFO] AnalyticsPlugin:253 - Accepted Software Licenses: 
2025-10-13 09:47:24,752 [INFO] AnalyticsPlugin:255 - Accepted CMSIS Pack Licenses: 
2025-10-13 09:47:24,753 [INFO] AnalyticsPlugin:257 - Accepted Firmware Licenses: FW.F4.1.28.0
2025-10-13 09:47:24,758 [INFO] PluginManage:359 - Loaded plugin analytics (category:tool,tabindex:-1)
2025-10-13 09:47:24,759 [INFO] PluginManage:310 - Check plugin cadmodel
2025-10-13 09:47:24,786 [INFO] CADModel:105 - Init CAD model plugin
2025-10-13 09:47:24,787 [INFO] PluginManage:359 - Loaded plugin cadmodel (category:power,tabindex:5)
2025-10-13 09:47:24,787 [INFO] PluginManage:310 - Check plugin clock
2025-10-13 09:47:24,800 [INFO] PluginManage:359 - Loaded plugin clock (category:base,tabindex:2)
2025-10-13 09:47:24,800 [INFO] PluginManage:310 - Check plugin ddr
2025-10-13 09:47:24,804 [INFO] PluginManage:359 - Loaded plugin ddr (category:tool,tabindex:6)
2025-10-13 09:47:24,805 [INFO] PluginManage:310 - Check plugin filemanager
2025-10-13 09:47:25,150 [INFO] PluginManage:359 - Loaded plugin filemanager (category:base,tabindex:10)
2025-10-13 09:47:25,150 [INFO] PluginManage:310 - Check plugin ipmanager
2025-10-13 09:47:25,164 [INFO] PluginManage:359 - Loaded plugin ipmanager (category:base,tabindex:5)
2025-10-13 09:47:25,164 [INFO] PluginManage:310 - Check plugin lpbam
2025-10-13 09:47:25,178 [INFO] PluginManage:359 - Loaded plugin lpbam (category:base,tabindex:0)
2025-10-13 09:47:25,178 [INFO] PluginManage:310 - Check plugin memorymap
2025-10-13 09:47:25,199 [INFO] PluginManage:359 - Loaded plugin memorymap (category:base,tabindex:4)
2025-10-13 09:47:25,199 [INFO] PluginManage:310 - Check plugin pinoutandconfiguration
2025-10-13 09:47:25,214 [INFO] PluginManage:359 - Loaded plugin pinoutandconfiguration (category:base,tabindex:1)
2025-10-13 09:47:25,215 [INFO] PluginManage:310 - Check plugin pinoutconfig
2025-10-13 09:47:25,339 [WARN] SupportedApi:132 - Cannot load RTOS API schema: s4s-elt-must-match.1: The content of 'definitions' must match (annotation?, (simpleType | complexType)?, (unique | key | keyref)*)). A problem was found starting at: attribute.
2025-10-13 09:47:25,507 [INFO] PluginManage:359 - Loaded plugin pinoutconfig (category:base,tabindex:0)
2025-10-13 09:47:25,507 [INFO] PluginManage:310 - Check plugin power
2025-10-13 09:47:25,520 [INFO] PluginManage:359 - Loaded plugin power (category:power,tabindex:4)
2025-10-13 09:47:25,521 [INFO] PluginManage:310 - Check plugin projectmanager
2025-10-13 09:47:25,546 [INFO] PluginManage:359 - Loaded plugin projectmanager (category:projectmanager,tabindex:4)
2025-10-13 09:47:25,547 [INFO] PluginManage:310 - Check plugin rif
2025-10-13 09:47:25,567 [INFO] PluginManage:359 - Loaded plugin rif (category:base,tabindex:3)
2025-10-13 09:47:25,568 [INFO] PluginManage:310 - Check plugin thirdparty
2025-10-13 09:47:25,775 [WARN] IntegrityCheckThread:84 - waiting for thirdparty lock release [integrity check]
2025-10-13 09:47:25,775 [INFO] PluginManage:359 - Loaded plugin thirdparty (category:base,tabindex:-1)
2025-10-13 09:47:25,775 [INFO] IntegrityCheckThread:86 - entering critical section [integrity check]
2025-10-13 09:47:25,775 [INFO] PluginManage:310 - Check plugin tools
2025-10-13 09:47:25,776 [INFO] ThirdPartyUpdaterWithRetryManager:70 - Updater plugin not ready yet. [1/15]
2025-10-13 09:47:25,779 [INFO] PluginManage:359 - Loaded plugin tools (category:base,tabindex:7)
2025-10-13 09:47:25,779 [INFO] PluginManage:310 - Check plugin tutovideos
2025-10-13 09:47:26,032 [INFO] PluginManage:359 - Loaded plugin tutovideos (category:base,tabindex:-1)
2025-10-13 09:47:26,032 [INFO] PluginManage:310 - Check plugin updater
2025-10-13 09:47:26,057 [INFO] PluginManage:359 - Loaded plugin updater (category:base,tabindex:12)
2025-10-13 09:47:26,057 [INFO] PluginManage:310 - Check plugin userauth
2025-10-13 09:47:26,063 [INFO] UserAuth:118 - Init User Auth plugin
2025-10-13 09:47:26,064 [INFO] PluginManage:359 - Loaded plugin userauth (category:base,tabindex:14)
2025-10-13 09:47:26,064 [INFO] PluginManage:283 - PluginManage : Loaded plugins [18]
2025-10-13 09:47:26,328 [INFO] PinOutPanel:1589 - setPackage(No Configuration,No Configuration)
2025-10-13 09:47:26,438 [INFO] CADModel:165 - CPN selected for project level
2025-10-13 09:47:26,438 [INFO] CADModel:114 - Register for checkConnection events
2025-10-13 09:47:26,475 [INFO] IPUIPlugin:80 - create IPUIPlugin
2025-10-13 09:47:26,475 [INFO] PluginManager:220 - loadIPPluginJar : add adc
2025-10-13 09:47:26,481 [INFO] IPUIPlugin:80 - create IPUIPlugin
2025-10-13 09:47:26,481 [INFO] PluginManager:220 - loadIPPluginJar : add aes
2025-10-13 09:47:26,487 [INFO] IPUIPlugin:80 - create IPUIPlugin
2025-10-13 09:47:26,487 [INFO] PluginManager:220 - loadIPPluginJar : add can
2025-10-13 09:47:26,491 [INFO] IPUIPlugin:80 - create IPUIPlugin
2025-10-13 09:47:26,491 [INFO] PluginManager:220 - loadIPPluginJar : add comp
2025-10-13 09:47:26,497 [INFO] IPUIPlugin:80 - create IPUIPlugin
2025-10-13 09:47:26,498 [INFO] PluginManager:220 - loadIPPluginJar : add cryp
2025-10-13 09:47:26,504 [INFO] IPUIPlugin:80 - create IPUIPlugin
2025-10-13 09:47:26,505 [INFO] PluginManager:220 - loadIPPluginJar : add ddr_ctrl_phy
2025-10-13 09:47:26,510 [INFO] IPUIPlugin:80 - create IPUIPlugin
2025-10-13 09:47:26,510 [INFO] PluginManager:220 - loadIPPluginJar : add dfsdm
2025-10-13 09:47:26,520 [INFO] IPUIPlugin:80 - create IPUIPlugin
2025-10-13 09:47:26,521 [INFO] PluginManager:220 - loadIPPluginJar : add dma
2025-10-13 09:47:26,528 [INFO] IPUIPlugin:80 - create IPUIPlugin
2025-10-13 09:47:26,528 [INFO] PluginManager:220 - loadIPPluginJar : add dma3
2025-10-13 09:47:26,534 [INFO] IPUIPlugin:80 - create IPUIPlugin
2025-10-13 09:47:26,535 [INFO] PluginManager:220 - loadIPPluginJar : add extmemmanager
2025-10-13 09:47:26,539 [INFO] IPUIPlugin:80 - create IPUIPlugin
2025-10-13 09:47:26,539 [INFO] PluginManager:220 - loadIPPluginJar : add fatfs
2025-10-13 09:47:26,548 [INFO] IPUIPlugin:80 - create IPUIPlugin
2025-10-13 09:47:26,548 [INFO] PluginManager:220 - loadIPPluginJar : add fmc
2025-10-13 09:47:26,559 [INFO] IPUIPlugin:80 - create IPUIPlugin
2025-10-13 09:47:26,559 [INFO] PluginManager:220 - loadIPPluginJar : add freertos
2025-10-13 09:47:26,562 [INFO] IPUIPlugin:80 - create IPUIPlugin
2025-10-13 09:47:26,563 [INFO] PluginManager:220 - loadIPPluginJar : add genericplugin
2025-10-13 09:47:26,571 [INFO] IPUIPlugin:80 - create IPUIPlugin
2025-10-13 09:47:26,571 [INFO] PluginManager:220 - loadIPPluginJar : add gfxmmu
2025-10-13 09:47:26,581 [INFO] IPUIPlugin:80 - create IPUIPlugin
2025-10-13 09:47:26,582 [INFO] PluginManager:220 - loadIPPluginJar : add gic
2025-10-13 09:47:26,591 [INFO] IPUIPlugin:80 - create IPUIPlugin
2025-10-13 09:47:26,591 [INFO] PluginManager:220 - loadIPPluginJar : add gpio
2025-10-13 09:47:26,597 [INFO] IPUIPlugin:80 - create IPUIPlugin
2025-10-13 09:47:26,597 [INFO] PluginManager:220 - loadIPPluginJar : add gtzc
2025-10-13 09:47:26,601 [INFO] IPUIPlugin:80 - create IPUIPlugin
2025-10-13 09:47:26,602 [INFO] PluginManager:220 - loadIPPluginJar : add hash
2025-10-13 09:47:26,607 [INFO] IPUIPlugin:80 - create IPUIPlugin
2025-10-13 09:47:26,608 [INFO] PluginManager:220 - loadIPPluginJar : add i2c
2025-10-13 09:47:26,612 [INFO] IPUIPlugin:80 - create IPUIPlugin
2025-10-13 09:47:26,612 [INFO] PluginManager:220 - loadIPPluginJar : add i2s
2025-10-13 09:47:26,618 [INFO] IPUIPlugin:80 - create IPUIPlugin
2025-10-13 09:47:26,618 [INFO] PluginManager:220 - loadIPPluginJar : add i3c
2025-10-13 09:47:26,624 [INFO] IPUIPlugin:80 - create IPUIPlugin
2025-10-13 09:47:26,624 [INFO] PluginManager:220 - loadIPPluginJar : add ipddr
2025-10-13 09:47:26,634 [INFO] IPUIPlugin:80 - create IPUIPlugin
2025-10-13 09:47:26,635 [INFO] PluginManager:220 - loadIPPluginJar : add linkedlist
2025-10-13 09:47:26,640 [INFO] IPUIPlugin:80 - create IPUIPlugin
2025-10-13 09:47:26,641 [INFO] PluginManager:220 - loadIPPluginJar : add lorawan
2025-10-13 09:47:26,644 [INFO] IPUIPlugin:80 - create IPUIPlugin
2025-10-13 09:47:26,644 [INFO] PluginManager:220 - loadIPPluginJar : add ltdc
2025-10-13 09:47:26,654 [INFO] IPUIPlugin:80 - create IPUIPlugin
2025-10-13 09:47:26,654 [INFO] PluginManager:220 - loadIPPluginJar : add mdma
2025-10-13 09:47:26,661 [INFO] IPUIPlugin:80 - create IPUIPlugin
2025-10-13 09:47:26,661 [INFO] PluginManager:220 - loadIPPluginJar : add nvic
2025-10-13 09:47:26,666 [INFO] IPUIPlugin:80 - create IPUIPlugin
2025-10-13 09:47:26,666 [INFO] PluginManager:220 - loadIPPluginJar : add opamp
2025-10-13 09:47:26,671 [INFO] IPUIPlugin:80 - create IPUIPlugin
2025-10-13 09:47:26,672 [INFO] PluginManager:220 - loadIPPluginJar : add openamp
2025-10-13 09:47:26,678 [INFO] IPUIPlugin:80 - create IPUIPlugin
2025-10-13 09:47:26,678 [INFO] PluginManager:220 - loadIPPluginJar : add pdm2pcm
2025-10-13 09:47:26,687 [INFO] IPUIPlugin:80 - create IPUIPlugin
2025-10-13 09:47:26,691 [INFO] PluginManager:220 - loadIPPluginJar : add plateformsettings
2025-10-13 09:47:26,694 [INFO] IPUIPlugin:80 - create IPUIPlugin
2025-10-13 09:47:26,695 [INFO] PluginManager:220 - loadIPPluginJar : add quadspi
2025-10-13 09:47:26,698 [INFO] IPUIPlugin:80 - create IPUIPlugin
2025-10-13 09:47:26,699 [INFO] PluginManager:220 - loadIPPluginJar : add radio
2025-10-13 09:47:26,707 [INFO] IPUIPlugin:80 - create IPUIPlugin
2025-10-13 09:47:26,708 [INFO] PluginManager:220 - loadIPPluginJar : add resmgrutility
2025-10-13 09:47:26,715 [INFO] IPUIPlugin:80 - create IPUIPlugin
2025-10-13 09:47:26,715 [INFO] PluginManager:220 - loadIPPluginJar : add sai
2025-10-13 09:47:26,722 [INFO] IPUIPlugin:80 - create IPUIPlugin
2025-10-13 09:47:26,722 [INFO] PluginManager:220 - loadIPPluginJar : add spi
2025-10-13 09:47:26,737 [INFO] IPUIPlugin:80 - create IPUIPlugin
2025-10-13 09:47:26,738 [INFO] PluginManager:220 - loadIPPluginJar : add stm32_wpan
2025-10-13 09:47:26,743 [INFO] IPUIPlugin:80 - create IPUIPlugin
2025-10-13 09:47:26,743 [INFO] PluginManager:220 - loadIPPluginJar : add tim
2025-10-13 09:47:26,749 [INFO] IPUIPlugin:80 - create IPUIPlugin
2025-10-13 09:47:26,750 [INFO] PluginManager:220 - loadIPPluginJar : add touchsensing
2025-10-13 09:47:26,756 [INFO] IPUIPlugin:80 - create IPUIPlugin
2025-10-13 09:47:26,756 [INFO] PluginManager:220 - loadIPPluginJar : add tracer_emb
2025-10-13 09:47:26,760 [INFO] IPUIPlugin:80 - create IPUIPlugin
2025-10-13 09:47:26,761 [INFO] PluginManager:220 - loadIPPluginJar : add ts
2025-10-13 09:47:26,765 [INFO] IPUIPlugin:80 - create IPUIPlugin
2025-10-13 09:47:26,765 [INFO] PluginManager:220 - loadIPPluginJar : add tsc
2025-10-13 09:47:26,770 [INFO] IPUIPlugin:80 - create IPUIPlugin
2025-10-13 09:47:26,770 [INFO] PluginManager:220 - loadIPPluginJar : add ucpd
2025-10-13 09:47:26,778 [INFO] IPUIPlugin:80 - create IPUIPlugin
2025-10-13 09:47:26,778 [INFO] PluginManager:220 - loadIPPluginJar : add usart
2025-10-13 09:47:26,788 [INFO] IPUIPlugin:80 - create IPUIPlugin
2025-10-13 09:47:26,788 [INFO] PluginManager:220 - loadIPPluginJar : add usbx
2025-10-13 09:47:26,962 [FATAL] Updater:351 - Updater called before beeing initialized
2025-10-13 09:47:27,007 [INFO] RulesReader:64 - Compatibility file has been processed (317 Rules)
2025-10-13 09:47:27,026 [INFO] RulesReader:64 - Compatibility file has been processed (317 Rules)
2025-10-13 09:47:27,043 [INFO] CADModel:165 - CPN selected for project level
2025-10-13 09:47:27,044 [INFO] CADModel:114 - Register for checkConnection events
2025-10-13 09:47:27,044 [FATAL] Updater:351 - Updater called before beeing initialized
2025-10-13 09:47:27,044 [ERROR] CADModel:125 - Updater not yet initialized, retry later 
2025-10-13 09:47:27,278 [FATAL] Updater:351 - Updater called before beeing initialized
2025-10-13 09:47:27,281 [INFO] CADModel:165 - CPN selected for project level
2025-10-13 09:47:27,281 [INFO] CADModel:114 - Register for checkConnection events
2025-10-13 09:47:27,281 [FATAL] Updater:351 - Updater called before beeing initialized
2025-10-13 09:47:27,281 [ERROR] CADModel:125 - Updater not yet initialized, retry later 
2025-10-13 09:47:27,286 [FATAL] Updater:351 - Updater called before beeing initialized
2025-10-13 09:47:27,446 [FATAL] Updater:351 - Updater called before beeing initialized
2025-10-13 09:47:27,451 [INFO] DbMcusAds:53 - JSON generation date=Thu Oct 02 11:36:05 CEST 2025 (1759397765645)
2025-10-13 09:47:27,451 [FATAL] Updater:351 - Updater called before beeing initialized
2025-10-13 09:47:27,497 [WARN] DetailPanel:346 - Failed to get advertising image, set to default
2025-10-13 09:47:27,659 [FATAL] Updater:351 - Updater called before beeing initialized
2025-10-13 09:47:27,663 [FATAL] Updater:351 - Updater called before beeing initialized
2025-10-13 09:47:27,664 [FATAL] Updater:351 - Updater called before beeing initialized
2025-10-13 09:47:27,664 [WARN] DetailPanel:346 - Failed to get advertising image, set to default
2025-10-13 09:47:27,666 [FATAL] Updater:351 - Updater called before beeing initialized
2025-10-13 09:47:27,775 [ERROR] Updater:1198 - MainUpdater not yet initialized. External WinMGr cannot be set.
2025-10-13 09:47:27,780 [INFO] Updater:1134 - Updater Version found : 6.15.0
2025-10-13 09:47:27,809 [INFO] ApplicationProperties:184 - Using Application install path: C:\ST\STM32CubeIDE_1.16.0\STM32CubeIDE\plugins\com.st.stm32cube.common.mx_6.15.0.202507011659
2025-10-13 09:47:28,777 [INFO] ThirdPartyUpdaterWithRetryManager:70 - Updater plugin not ready yet. [2/15]
2025-10-13 09:47:29,399 [ERROR] LogOutputStream:75 - [STDERR_REDIRECT] Oct 13, 2025 9:47:29 AM java.util.prefs.WindowsPreferences <init>
2025-10-13 09:47:29,402 [ERROR] LogOutputStream:75 - [STDERR_REDIRECT] WARNING: Could not open/create prefs root node Software\JavaSoft\Prefs at root 0xffffffff80000002. Windows RegCreateKeyEx(...) returned error code 5.
2025-10-13 09:47:29,403 [ERROR] LogOutputStream:75 - [STDERR_REDIRECT] 
2025-10-13 09:47:30,278 [INFO] MainUpdater:2872 - connection check result : 10
2025-10-13 09:47:30,279 [INFO] MainUpdater:289 - Updater Check For Update Now.
2025-10-13 09:47:30,280 [INFO] MicroXplorer:498 - Change Database Version : DB.6.0.150
2025-10-13 09:47:30,297 [INFO] McuFinderGlobals:63 - Set McuFinder mode to 2 (CubeIDE integrated)
2025-10-13 09:47:30,301 [INFO] UserAuth:487 - Internet connection configuration mode: 1
2025-10-13 09:47:30,358 [INFO] JxBrowserEngine:152 - Initiate JxBrowser Engine with user profile folder
2025-10-13 09:47:30,632 [INFO] CheckServerUpdateThread:120 - End of CheckServer Thread
2025-10-13 09:47:33,015 [WARN] PackLoader:240 - Cannot read IP mode file for STMicroelectronics.FP-SNS-MOTENVWB1.1.4.0
2025-10-13 09:47:33,052 [WARN] PackLoader:240 - Cannot read IP mode file for STMicroelectronics.FP-ATR-ASTRA1.2.0.2
2025-10-13 09:47:33,110 [WARN] PackLoader:240 - Cannot read IP mode file for STMicroelectronics.X-CUBE-SMBUS.2.1.0
2025-10-13 09:47:33,124 [WARN] PackLoader:240 - Cannot read IP mode file for STMicroelectronics.X-CUBE-ST60.1.0.0
2025-10-13 09:47:33,214 [WARN] PackLoader:240 - Cannot read IP mode file for STMicroelectronics.X-CUBE-AZRTOS-F7.1.1.0
2025-10-13 09:47:33,436 [WARN] PackLoader:240 - Cannot read IP mode file for STMicroelectronics.X-CUBE-MEMS1.11.0.0
2025-10-13 09:47:33,826 [WARN] PackLoader:240 - Cannot read IP mode file for STMicroelectronics.FP-SNS-FLIGHT1.5.0.2
2025-10-13 09:47:33,884 [WARN] PackLoader:240 - Cannot read IP mode file for STMicroelectronics.X-CUBE-AZRTOS-H7.3.4.0
2025-10-13 09:47:34,016 [WARN] PackLoader:240 - Cannot read IP mode file for STMicroelectronics.X-CUBE-DISPLAY.3.0.0
2025-10-13 09:47:34,036 [WARN] PackLoader:240 - Cannot read IP mode file for STMicroelectronics.X-CUBE-BLE1.7.0.0
2025-10-13 09:47:34,056 [WARN] PackLoader:240 - Cannot read IP mode file for STMicroelectronics.X-CUBE-NFC10.1.0.0
2025-10-13 09:47:34,082 [WARN] PackLoader:240 - Cannot read IP mode file for emotas.I-CUBE-CANOPEN.1.3.0
2025-10-13 09:47:34,108 [WARN] PackLoader:240 - Cannot read IP mode file for STMicroelectronics.X-CUBE-BLEMGR.3.1.0
2025-10-13 09:47:34,136 [WARN] PackLoader:240 - Cannot read IP mode file for STMicroelectronics.FP-SNS-STBOX1.2.1.0
2025-10-13 09:47:34,156 [WARN] PackLoader:240 - Cannot read IP mode file for STMicroelectronics.FP-SNS-SMARTAG2.1.2.0
2025-10-13 09:47:34,168 [WARN] PackLoader:240 - Cannot read IP mode file for STMicroelectronics.FP-SNS-FLIGHT1.5.1.0
2025-10-13 09:47:34,187 [INFO] WebApp:169 - Instantiating new browser for Auth
2025-10-13 09:47:34,192 [INFO] LogOutputStream:77 - [STDOUT_REDIRECT] 1 : Invalid condition id : UX_CORESTACK_Condition cause : null
2025-10-13 09:47:34,194 [INFO] LogOutputStream:77 - [STDOUT_REDIRECT] 1 : Invalid condition id : UX_CORESTACK_Condition cause : null
2025-10-13 09:47:34,197 [INFO] LogOutputStream:77 - [STDOUT_REDIRECT] 1 : Invalid condition id : UX_CORESTACK_Condition cause : null
2025-10-13 09:47:34,200 [INFO] LogOutputStream:77 - [STDOUT_REDIRECT] 1 : Invalid condition id : UX_CORESTACK_Condition cause : null
2025-10-13 09:47:34,203 [INFO] LogOutputStream:77 - [STDOUT_REDIRECT] 1 : Invalid condition id : UX_CORESTACK_Condition cause : null
2025-10-13 09:47:34,214 [WARN] PackLoader:240 - Cannot read IP mode file for STMicroelectronics.X-CUBE-AZRTOS-WL.2.0.0
2025-10-13 09:47:34,257 [WARN] PackLoader:240 - Cannot read IP mode file for STMicroelectronics.FP-SNS-MOTENV1.5.0.0
2025-10-13 09:47:34,275 [WARN] PackLoader:240 - Cannot read IP mode file for wolfSSL.I-CUBE-wolfMQTT.1.19.0
2025-10-13 09:47:34,319 [WARN] PackLoader:240 - Cannot read IP mode file for WES.I-CUBE-Cesium.1.3.0
2025-10-13 09:47:34,341 [WARN] PackLoader:240 - Cannot read IP mode file for STMicroelectronics.X-CUBE-BLE2.3.3.0
2025-10-13 09:47:34,378 [WARN] PackLoader:240 - Cannot read IP mode file for STMicroelectronics.X-CUBE-NFC9.1.0.0
2025-10-13 09:47:34,393 [WARN] PackLoader:240 - Cannot read IP mode file for STMicroelectronics.X-CUBE-BLE1.7.1.0
2025-10-13 09:47:34,415 [WARN] PackLoader:240 - Cannot read IP mode file for STMicroelectronics.X-CUBE-TCPP.4.1.0
2025-10-13 09:47:34,437 [WARN] PackLoader:240 - Cannot read IP mode file for STMicroelectronics.X-CUBE-EEPRMA1.5.2.0
2025-10-13 09:47:34,462 [WARN] PackLoader:240 - Cannot read IP mode file for STMicroelectronics.X-CUBE-ST67W61.1.1.0
2025-10-13 09:47:34,508 [WARN] PackLoader:240 - Cannot read IP mode file for STMicroelectronics.X-CUBE-AZRTOS-G0.1.1.0
2025-10-13 09:47:34,531 [WARN] PackLoader:240 - Cannot read IP mode file for STMicroelectronics.X-CUBE-SAFEA1.1.2.2
2025-10-13 09:47:34,548 [WARN] PackLoader:240 - Cannot read IP mode file for STMicroelectronics.X-CUBE-NFC4.3.0.0
2025-10-13 09:47:34,575 [WARN] PackLoader:240 - Cannot read IP mode file for EmbeddedOffice.I-CUBE-FS-RTOS.1.0.1
2025-10-13 09:47:34,590 [WARN] PackLoader:240 - Cannot read IP mode file for STMicroelectronics.X-CUBE-WB05N.2.0.0
2025-10-13 09:47:34,603 [WARN] PackLoader:240 - Cannot read IP mode file for STMicroelectronics.X-CUBE-TCPP.4.2.0
2025-10-13 09:47:34,621 [WARN] PackLoader:240 - Cannot read IP mode file for RealThread.X-CUBE-RT-Thread_Nano.4.1.1
2025-10-13 09:47:34,632 [WARN] PackLoader:240 - Cannot read IP mode file for STMicroelectronics.FP-ATR-SIGFOX1.3.2.0
2025-10-13 09:47:34,643 [WARN] PackLoader:240 - Cannot read IP mode file for wolfSSL.I-CUBE-wolfSSL.5.7.2
2025-10-13 09:47:34,656 [WARN] PackLoader:240 - Cannot read IP mode file for STMicroelectronics.X-CUBE-EEPRMA1.5.1.0
2025-10-13 09:47:34,675 [WARN] PackLoader:240 - Cannot read IP mode file for ITTIA_DB.I-CUBE-ITTIADB.8.9.0
2025-10-13 09:47:34,692 [WARN] PackLoader:240 - Cannot read IP mode file for STMicroelectronics.X-CUBE-ST67W61.1.0.0
2025-10-13 09:47:34,704 [WARN] PackLoader:240 - Cannot read IP mode file for STMicroelectronics.X-CUBE-AI.10.2.0
2025-10-13 09:47:34,778 [WARN] PackLoader:240 - Cannot read IP mode file for SEGGER.I-CUBE-embOS.1.3.1
2025-10-13 09:47:34,878 [WARN] PackLoader:240 - Cannot read IP mode file for STMicroelectronics.X-CUBE-ALGOBUILD.1.4.0
2025-10-13 09:47:34,989 [WARN] PackLoader:240 - Cannot read IP mode file for STMicroelectronics.X-CUBE-MEMS1.11.3.0
2025-10-13 09:47:35,255 [WARN] PackLoader:240 - Cannot read IP mode file for STMicroelectronics.X-CUBE-PM33A1.1.0.0
2025-10-13 09:47:35,275 [WARN] PackLoader:240 - Cannot read IP mode file for STMicroelectronics.X-CUBE-GNSS1.6.0.0
2025-10-13 09:47:35,311 [WARN] PackLoader:240 - Cannot read IP mode file for STMicroelectronics.X-CUBE-AZRTOS-F4.1.1.0
2025-10-13 09:47:35,325 [WARN] PackLoader:240 - Cannot read IP mode file for Avnet-IotConnect.X-CUBE-IoTC-DA16k-PMOD.1.0.0
2025-10-13 09:47:35,337 [WARN] PackLoader:240 - Cannot read IP mode file for STMicroelectronics.X-CUBE-ISPU.2.1.0
2025-10-13 09:47:35,358 [WARN] PackLoader:240 - Cannot read IP mode file for STMicroelectronics.X-CUBE-IPS.3.2.0
2025-10-13 09:47:35,381 [WARN] PackLoader:240 - Cannot read IP mode file for STMicroelectronics.X-CUBE-FREERTOS.1.2.0
2025-10-13 09:47:35,398 [WARN] PackLoader:240 - Cannot read IP mode file for STMicroelectronics.X-CUBE-NFC12.1.0.0
2025-10-13 09:47:35,435 [WARN] PackLoader:240 - Cannot read IP mode file for STMicroelectronics.X-CUBE-AZRTOS-L5.2.0.0
2025-10-13 09:47:35,456 [WARN] PackLoader:240 - Cannot read IP mode file for STMicroelectronics.X-CUBE-NFC6.3.1.0
2025-10-13 09:47:35,471 [WARN] PackLoader:240 - Cannot read IP mode file for STMicroelectronics.X-CUBE-DPower.1.2.0
2025-10-13 09:47:35,480 [WARN] PackLoader:240 - Cannot read IP mode file for STMicroelectronics.X-CUBE-AI.9.0.0
2025-10-13 09:47:35,492 [WARN] PackLoader:240 - Cannot read IP mode file for STMicroelectronics.X-CUBE-FREERTOS.1.3.1
2025-10-13 09:47:35,512 [WARN] PackLoader:240 - Cannot read IP mode file for STMicroelectronics.X-CUBE-NFC7.1.0.1
2025-10-13 09:47:35,522 [WARN] PackLoader:240 - Cannot read IP mode file for wolfSSL.I-CUBE-wolfTPM.3.2.0
2025-10-13 09:47:35,534 [WARN] PackLoader:240 - Cannot read IP mode file for STMicroelectronics.X-CUBE-TOUCHGFX.4.26.0
2025-10-13 09:47:35,550 [WARN] PackLoader:240 - Cannot read IP mode file for STMicroelectronics.FP-SNS-STAIOTCFT.1.0.0
2025-10-13 09:47:35,563 [WARN] PackLoader:240 - Cannot read IP mode file for STMicroelectronics.X-CUBE-DPower.1.3.0
2025-10-13 09:47:35,599 [WARN] ConditionMgr:438 - getConditionDescription Invalid condition id : LAN8742 Phy interface Condition cause : null
2025-10-13 09:47:35,601 [WARN] PackLoader:240 - Cannot read IP mode file for STMicroelectronics.X-CUBE-AZRTOS-L4.2.0.0
2025-10-13 09:47:35,603 [WARN] ConditionMgr:1044 - genDependencies : Invalid condition id : LAN8742 Phy interface Condition cause : null
2025-10-13 09:47:35,604 [WARN] ConditionMgr:1044 - genDependencies : Invalid condition id : LAN8742 Phy interface Condition cause : null
2025-10-13 09:47:35,605 [WARN] ConditionMgr:1044 - genDependencies : Invalid condition id : LAN8742 Phy interface Condition cause : null
2025-10-13 09:47:35,621 [WARN] PackLoader:240 - Cannot read IP mode file for STMicroelectronics.X-CUBE-SFXS2LP1.4.0.0
2025-10-13 09:47:35,665 [WARN] PackLoader:240 - Cannot read IP mode file for STMicroelectronics.X-CUBE-AZRTOS-H7.3.3.0
2025-10-13 09:47:35,717 [WARN] PackLoader:240 - Cannot read IP mode file for STMicroelectronics.X-CUBE-BLEMGR.4.1.0
2025-10-13 09:47:35,754 [WARN] ConditionMgr:438 - getConditionDescription Invalid condition id : UX DEVICE CLASS RTOS Condition cause : null
2025-10-13 09:47:35,755 [WARN] ConditionMgr:438 - getConditionDescription Invalid condition id : UX DEVICE CLASS RTOS Condition cause : null
2025-10-13 09:47:35,765 [WARN] PackLoader:240 - Cannot read IP mode file for STMicroelectronics.X-CUBE-AZRTOS-WB.2.0.0
2025-10-13 09:47:35,766 [WARN] ConditionMgr:1044 - genDependencies : Invalid condition id : UX DEVICE CLASS RTOS Condition cause : null
2025-10-13 09:47:35,766 [WARN] ConditionMgr:1044 - genDependencies : Invalid condition id : UX DEVICE CLASS RTOS Condition cause : null
2025-10-13 09:47:35,767 [WARN] ConditionMgr:1044 - genDependencies : Invalid condition id : UX DEVICE CLASS RTOS Condition cause : null
2025-10-13 09:47:35,768 [WARN] ConditionMgr:1044 - genDependencies : Invalid condition id : UX DEVICE CLASS RTOS Condition cause : null
2025-10-13 09:47:35,768 [WARN] ConditionMgr:1044 - genDependencies : Invalid condition id : UX DEVICE CLASS RTOS Condition cause : null
2025-10-13 09:47:35,780 [WARN] PackLoader:240 - Cannot read IP mode file for STMicroelectronics.X-CUBE-GNSS1.7.0.0
2025-10-13 09:47:35,791 [WARN] PackLoader:240 - Cannot read IP mode file for STMicroelectronics.X-CUBE-GNSS1.7.0.1
2025-10-13 09:47:35,799 [WARN] PackLoader:240 - Cannot read IP mode file for STMicroelectronics.X-CUBE-TOUCHGFX.4.25.0
2025-10-13 09:47:35,811 [WARN] PackLoader:240 - Cannot read IP mode file for STMicroelectronics.FP-SNS-STBOX1.2.0.0
2025-10-13 09:47:35,825 [WARN] ConditionMgr:438 - getConditionDescription Invalid condition id : Cortex-A Device cause : null
2025-10-13 09:47:35,863 [WARN] ConditionMgr:1044 - genDependencies : Invalid condition id : Cortex-A Device cause : null
2025-10-13 09:47:35,864 [WARN] ConditionMgr:1044 - genDependencies : Invalid condition id : Cortex-A Device cause : null
2025-10-13 09:47:35,865 [WARN] ConditionMgr:1044 - genDependencies : Invalid condition id : Cortex-A Device cause : null
2025-10-13 09:47:35,897 [WARN] PackLoader:240 - Cannot read IP mode file for STMicroelectronics.X-CUBE-SUBG2.5.0.0
2025-10-13 09:47:35,996 [WARN] PackLoader:240 - Cannot read IP mode file for STMicroelectronics.X-CUBE-AZRTOS-H7RS.1.1.0
2025-10-13 09:47:36,018 [WARN] PackLoader:240 - Cannot read IP mode file for Cesanta.I-CUBE-Mongoose.7.13.0
2025-10-13 09:47:36,083 [WARN] PackLoader:240 - Cannot read IP mode file for STMicroelectronics.X-CUBE-AZRTOS-G4.2.0.0
2025-10-13 09:47:36,097 [WARN] PackLoader:240 - Cannot read IP mode file for STMicroelectronics.X-CUBE-NFC7.2.0.0
2025-10-13 09:47:36,106 [WARN] PackLoader:240 - Cannot read IP mode file for STMicroelectronics.X-CUBE-ISPU.2.0.0
2025-10-13 09:47:36,127 [WARN] PackLoader:240 - Cannot read IP mode file for STMicroelectronics.X-CUBE-IPS.3.1.0
2025-10-13 09:47:36,150 [WARN] PackLoader:240 - Cannot read IP mode file for STMicroelectronics.X-CUBE-ALS.1.0.2
2025-10-13 09:47:36,226 [WARN] PackLoader:240 - Cannot read IP mode file for STMicroelectronics.X-CUBE-MEMS1.10.0.0
2025-10-13 09:47:36,432 [WARN] PackLoader:240 - Cannot read IP mode file for STMicroelectronics.X-CUBE-TOUCHGFX.4.24.0
2025-10-13 09:47:36,440 [WARN] PackLoader:240 - Cannot read IP mode file for STMicroelectronics.X-CUBE-TOUCHGFX.4.24.1
2025-10-13 09:47:36,456 [WARN] PackLoader:240 - Cannot read IP mode file for STMicroelectronics.X-CUBE-STSE01.1.0.0
2025-10-13 09:47:36,478 [WARN] PackLoader:240 - Cannot read IP mode file for portGmbH.I-Cube-SoM-uGOAL.1.1.0
2025-10-13 09:47:36,513 [WARN] PackLoader:240 - Cannot read IP mode file for STMicroelectronics.X-CUBE-AZRTOS-H7RS.1.0.0
2025-10-13 09:47:36,525 [WARN] PackLoader:240 - Cannot read IP mode file for STMicroelectronics.FP-ATR-ASTRA1.2.0.0
2025-10-13 09:47:36,547 [WARN] PackLoader:240 - Cannot read IP mode file for STMicroelectronics.X-CUBE-TOF1.3.4.2
2025-10-13 09:47:36,613 [WARN] PackLoader:240 - Cannot read IP mode file for STMicroelectronics.X-CUBE-TOF1.3.4.3
2025-10-13 09:47:36,656 [WARN] PackLoader:240 - Cannot read IP mode file for STMicroelectronics.X-CUBE-TOF1.3.4.1
2025-10-13 09:47:36,868 [WARN] PackLoader:240 - Cannot read IP mode file for STMicroelectronics.X-CUBE-AZRTOS-H7.3.2.0
2025-10-13 09:47:36,921 [WARN] PackLoader:240 - Cannot read IP mode file for Infineon.AIROC-Wi-Fi-Bluetooth-STM32.1.6.0
2025-10-13 09:47:36,963 [WARN] PackLoader:240 - Cannot read IP mode file for wolfSSL.I-CUBE-wolfSSH.1.4.17
2025-10-13 09:47:36,964 [INFO] ThirdParty:978 - Integrity check success = true
2025-10-13 09:47:36,965 [INFO] IntegrityCheckThread:100 - exiting critical section [integrity check]
2025-10-13 09:47:36,965 [INFO] IntegrityCheckThread:103 - End integrity checks thread
2025-10-13 09:47:37,346 [INFO] WebApp:463 - Apply proxy settings
2025-10-13 09:47:37,347 [INFO] WebApp:548 - Chromium requires no authentication
2025-10-13 09:47:37,376 [INFO] WebApp:491 - Direct internet connection detected
2025-10-13 09:47:37,439 [INFO] WebApp:900 - Register for checkConnection events
2025-10-13 09:47:37,440 [INFO] WebApp:463 - Apply proxy settings
2025-10-13 09:47:37,440 [INFO] WebApp:548 - Chromium requires no authentication
2025-10-13 09:47:37,441 [INFO] WebApp:491 - Direct internet connection detected
2025-10-13 09:47:37,906 [INFO] WebApp:225 - Starting web application
2025-10-13 09:47:37,906 [INFO] WebApp:593 - Web application path used C:\ST\STM32CubeIDE_1.16.0\STM32CubeIDE\plugins\com.st.stm32cube.common.mx_6.15.0.202507011659\db\plugins\mcufinder\reactClient1\index.html
2025-10-13 09:47:38,051 [INFO] WebApp:191 - Connection restablished
2025-10-13 09:47:38,491 [INFO] UserAuth:487 - Internet connection configuration mode: 1
2025-10-13 10:40:39,940 [ERROR] LogOutputStream:75 - [STDERR_REDIRECT] 
2025-10-13 15:05:55,549 [INFO] Activator:176 - 


2025-10-13 15:05:55,551 [INFO] Activator:177 - !SESSION log4j initialized
2025-10-13 15:06:03,714 [INFO] LogOutputStream:77 - [STDOUT_REDIRECT] 
2025-10-13 15:06:05,253 [INFO] ApplicationProperties:184 - Using Application install path: C:\ST\STM32CubeIDE_1.16.0\STM32CubeIDE\plugins\com.st.stm32cube.common.mx_6.15.0.202507011659
2025-10-13 15:06:05,283 [INFO] DbMcusXml:78 - Set database path to: C:\ST\STM32CubeIDE_1.16.0\STM32CubeIDE\plugins\com.st.stm32cube.common.mx_6.15.0.202507011659\\db\/mcu/
2025-10-13 15:06:05,284 [INFO] ApiDb:274 - Set plugin database path to: C:\ST\STM32CubeIDE_1.16.0\STM32CubeIDE\plugins\com.st.stm32cube.common.mx_6.15.0.202507011659\\db\/plugins/boardmanager/
2025-10-13 15:06:05,284 [WARN] ApiDb:259 - Overriding images path with different value:  => C:\ST\STM32CubeIDE_1.16.0\STM32CubeIDE\plugins\com.st.stm32cube.common.mx_6.15.0.202507011659\\db\/plugins/mcufinder/images/
2025-10-13 15:06:05,302 [INFO] ApiDb:250 - Set database path to: C:\Users\rolni\.stmcufinder\plugins\mcufinder//mcu/
2025-10-13 15:06:05,304 [INFO] DbMcusAds:125 - Set database path to: C:\Users\rolni\.stmcufinder\plugins\mcufinder//mcu/
2025-10-13 15:06:05,308 [INFO] CrossReferenceDbSqlite:203 - Set database path to: C:\Users\rolni\.stmcufinder\plugins\mcufinder//mcu/cs/
2025-10-13 15:06:05,450 [INFO] RulesReader:64 - Compatibility file has been processed (317 Rules)
2025-10-13 15:06:05,576 [INFO] DbMcusXml:78 - Set database path to: C:\ST\STM32CubeIDE_1.16.0\STM32CubeIDE\plugins\com.st.stm32cube.common.mx_6.15.0.202507011659\\db\/mcu/
2025-10-13 15:06:05,577 [INFO] ApiDb:274 - Set plugin database path to: C:\ST\STM32CubeIDE_1.16.0\STM32CubeIDE\plugins\com.st.stm32cube.common.mx_6.15.0.202507011659\\db\/plugins/boardmanager/
2025-10-13 15:06:05,577 [INFO] ApiDb:261 - Set plugin images path to: C:\ST\STM32CubeIDE_1.16.0\STM32CubeIDE\plugins\com.st.stm32cube.common.mx_6.15.0.202507011659\\db\/plugins/mcufinder/images/
2025-10-13 15:06:05,577 [WARN] DbFile:41 - Overriding database path with different value: C:\Users\rolni\.stmcufinder\plugins\mcufinder/ => C:\Users\rolni\.stmcufinder\plugins\mcufinder
2025-10-13 15:06:05,577 [INFO] ApiDb:250 - Set database path to: C:\Users\rolni\.stmcufinder\plugins\mcufinder//mcu/
2025-10-13 15:06:05,578 [WARN] DbFile:41 - Overriding database path with different value: C:\Users\rolni\.stmcufinder\plugins\mcufinder/ => C:\Users\rolni\.stmcufinder\plugins\mcufinder
2025-10-13 15:06:05,578 [INFO] DbMcusAds:125 - Set database path to: C:\Users\rolni\.stmcufinder\plugins\mcufinder//mcu/
2025-10-13 15:06:05,578 [WARN] DbFile:41 - Overriding database path with different value: C:\Users\rolni\.stmcufinder\plugins\mcufinder/ => C:\Users\rolni\.stmcufinder\plugins\mcufinder
2025-10-13 15:06:05,578 [WARN] DbFile:41 - Overriding database path with different value: C:\Users\rolni\.stmcufinder\plugins\mcufinder/ => C:\Users\rolni\.stmcufinder\plugins\mcufinder
2025-10-13 15:06:05,578 [INFO] CrossReferenceDbSqlite:203 - Set database path to: C:\Users\rolni\.stmcufinder\plugins\mcufinder//mcu/cs/
2025-10-13 15:06:05,686 [INFO] MainPanel:274 - HeapMemory: 268435456
2025-10-13 15:06:05,867 [INFO] DbMcusXml:78 - Set database path to: C:\ST\STM32CubeIDE_1.16.0\STM32CubeIDE\plugins\com.st.stm32cube.common.mx_6.15.0.202507011659\\db\/mcu/
2025-10-13 15:06:05,867 [INFO] ApiDb:274 - Set plugin database path to: C:\ST\STM32CubeIDE_1.16.0\STM32CubeIDE\plugins\com.st.stm32cube.common.mx_6.15.0.202507011659\\db\/plugins/boardmanager/
2025-10-13 15:06:05,867 [INFO] ApiDb:261 - Set plugin images path to: C:\ST\STM32CubeIDE_1.16.0\STM32CubeIDE\plugins\com.st.stm32cube.common.mx_6.15.0.202507011659\\db\/plugins/mcufinder/images/
2025-10-13 15:06:05,868 [WARN] DbFile:41 - Overriding database path with different value: C:\Users\rolni\.stmcufinder\plugins\mcufinder/ => C:\Users\rolni\.stmcufinder\plugins\mcufinder
2025-10-13 15:06:05,868 [INFO] ApiDb:250 - Set database path to: C:\Users\rolni\.stmcufinder\plugins\mcufinder//mcu/
2025-10-13 15:06:05,868 [WARN] DbFile:41 - Overriding database path with different value: C:\Users\rolni\.stmcufinder\plugins\mcufinder/ => C:\Users\rolni\.stmcufinder\plugins\mcufinder
2025-10-13 15:06:05,868 [INFO] DbMcusAds:125 - Set database path to: C:\Users\rolni\.stmcufinder\plugins\mcufinder//mcu/
2025-10-13 15:06:05,868 [WARN] DbFile:41 - Overriding database path with different value: C:\Users\rolni\.stmcufinder\plugins\mcufinder/ => C:\Users\rolni\.stmcufinder\plugins\mcufinder
2025-10-13 15:06:05,868 [WARN] DbFile:41 - Overriding database path with different value: C:\Users\rolni\.stmcufinder\plugins\mcufinder/ => C:\Users\rolni\.stmcufinder\plugins\mcufinder
2025-10-13 15:06:05,868 [INFO] CrossReferenceDbSqlite:203 - Set database path to: C:\Users\rolni\.stmcufinder\plugins\mcufinder//mcu/cs/
2025-10-13 15:06:05,892 [INFO] ApplicationProperties:184 - Using Application install path: C:\ST\STM32CubeIDE_1.16.0\STM32CubeIDE\plugins\com.st.stm32cube.common.mx_6.15.0.202507011659
2025-10-13 15:06:05,894 [INFO] PluginManage:196 - Search for loadable plugins [exclusion list=, ]
2025-10-13 15:06:05,898 [INFO] PluginManage:310 - Check plugin analytics
2025-10-13 15:06:06,213 [INFO] AnalyticsPlugin:253 - Accepted Software Licenses: 
2025-10-13 15:06:06,214 [INFO] AnalyticsPlugin:255 - Accepted CMSIS Pack Licenses: 
2025-10-13 15:06:06,214 [INFO] AnalyticsPlugin:257 - Accepted Firmware Licenses: FW.F4.1.28.0
2025-10-13 15:06:06,222 [INFO] PluginManage:359 - Loaded plugin analytics (category:tool,tabindex:-1)
2025-10-13 15:06:06,222 [INFO] PluginManage:310 - Check plugin cadmodel
2025-10-13 15:06:06,228 [INFO] CADModel:105 - Init CAD model plugin
2025-10-13 15:06:06,228 [INFO] PluginManage:359 - Loaded plugin cadmodel (category:power,tabindex:5)
2025-10-13 15:06:06,228 [INFO] PluginManage:310 - Check plugin clock
2025-10-13 15:06:06,248 [INFO] PluginManage:359 - Loaded plugin clock (category:base,tabindex:2)
2025-10-13 15:06:06,248 [INFO] PluginManage:310 - Check plugin ddr
2025-10-13 15:06:06,258 [INFO] PluginManage:359 - Loaded plugin ddr (category:tool,tabindex:6)
2025-10-13 15:06:06,258 [INFO] PluginManage:310 - Check plugin filemanager
2025-10-13 15:06:06,574 [INFO] PluginManage:359 - Loaded plugin filemanager (category:base,tabindex:10)
2025-10-13 15:06:06,574 [INFO] PluginManage:310 - Check plugin ipmanager
2025-10-13 15:06:06,593 [INFO] PluginManage:359 - Loaded plugin ipmanager (category:base,tabindex:5)
2025-10-13 15:06:06,593 [INFO] PluginManage:310 - Check plugin lpbam
2025-10-13 15:06:06,619 [INFO] PluginManage:359 - Loaded plugin lpbam (category:base,tabindex:0)
2025-10-13 15:06:06,619 [INFO] PluginManage:310 - Check plugin memorymap
2025-10-13 15:06:06,649 [INFO] PluginManage:359 - Loaded plugin memorymap (category:base,tabindex:4)
2025-10-13 15:06:06,649 [INFO] PluginManage:310 - Check plugin pinoutandconfiguration
2025-10-13 15:06:06,674 [INFO] PluginManage:359 - Loaded plugin pinoutandconfiguration (category:base,tabindex:1)
2025-10-13 15:06:06,676 [INFO] PluginManage:310 - Check plugin pinoutconfig
2025-10-13 15:06:06,869 [WARN] SupportedApi:132 - Cannot load RTOS API schema: s4s-elt-must-match.1: The content of 'definitions' must match (annotation?, (simpleType | complexType)?, (unique | key | keyref)*)). A problem was found starting at: attribute.
2025-10-13 15:06:07,228 [INFO] PluginManage:359 - Loaded plugin pinoutconfig (category:base,tabindex:0)
2025-10-13 15:06:07,228 [INFO] PluginManage:310 - Check plugin power
2025-10-13 15:06:07,254 [INFO] PluginManage:359 - Loaded plugin power (category:power,tabindex:4)
2025-10-13 15:06:07,254 [INFO] PluginManage:310 - Check plugin projectmanager
2025-10-13 15:06:07,292 [INFO] PluginManage:359 - Loaded plugin projectmanager (category:projectmanager,tabindex:4)
2025-10-13 15:06:07,301 [INFO] PluginManage:310 - Check plugin rif
2025-10-13 15:06:07,317 [INFO] PluginManage:359 - Loaded plugin rif (category:base,tabindex:3)
2025-10-13 15:06:07,317 [INFO] PluginManage:310 - Check plugin thirdparty
2025-10-13 15:06:07,626 [WARN] IntegrityCheckThread:84 - waiting for thirdparty lock release [integrity check]
2025-10-13 15:06:07,626 [INFO] PluginManage:359 - Loaded plugin thirdparty (category:base,tabindex:-1)
2025-10-13 15:06:07,627 [INFO] IntegrityCheckThread:86 - entering critical section [integrity check]
2025-10-13 15:06:07,629 [INFO] PluginManage:310 - Check plugin tools
2025-10-13 15:06:07,630 [INFO] ThirdPartyUpdaterWithRetryManager:70 - Updater plugin not ready yet. [1/15]
2025-10-13 15:06:07,635 [INFO] PluginManage:359 - Loaded plugin tools (category:base,tabindex:7)
2025-10-13 15:06:07,636 [INFO] PluginManage:310 - Check plugin tutovideos
2025-10-13 15:06:08,154 [INFO] PluginManage:359 - Loaded plugin tutovideos (category:base,tabindex:-1)
2025-10-13 15:06:08,154 [INFO] PluginManage:310 - Check plugin updater
2025-10-13 15:06:08,204 [INFO] PluginManage:359 - Loaded plugin updater (category:base,tabindex:12)
2025-10-13 15:06:08,205 [INFO] PluginManage:310 - Check plugin userauth
2025-10-13 15:06:08,209 [INFO] UserAuth:118 - Init User Auth plugin
2025-10-13 15:06:08,215 [INFO] PluginManage:359 - Loaded plugin userauth (category:base,tabindex:14)
2025-10-13 15:06:08,215 [INFO] PluginManage:283 - PluginManage : Loaded plugins [18]
2025-10-13 15:06:08,670 [INFO] PinOutPanel:1589 - setPackage(No Configuration,No Configuration)
2025-10-13 15:06:08,861 [INFO] CADModel:165 - CPN selected for project level
2025-10-13 15:06:08,863 [INFO] CADModel:114 - Register for checkConnection events
2025-10-13 15:06:08,893 [INFO] IPUIPlugin:80 - create IPUIPlugin
2025-10-13 15:06:08,893 [INFO] PluginManager:220 - loadIPPluginJar : add adc
2025-10-13 15:06:08,898 [INFO] IPUIPlugin:80 - create IPUIPlugin
2025-10-13 15:06:08,899 [INFO] PluginManager:220 - loadIPPluginJar : add aes
2025-10-13 15:06:08,908 [INFO] IPUIPlugin:80 - create IPUIPlugin
2025-10-13 15:06:08,908 [INFO] PluginManager:220 - loadIPPluginJar : add can
2025-10-13 15:06:08,912 [INFO] IPUIPlugin:80 - create IPUIPlugin
2025-10-13 15:06:08,912 [INFO] PluginManager:220 - loadIPPluginJar : add comp
2025-10-13 15:06:08,920 [INFO] IPUIPlugin:80 - create IPUIPlugin
2025-10-13 15:06:08,921 [INFO] PluginManager:220 - loadIPPluginJar : add cryp
2025-10-13 15:06:08,928 [INFO] IPUIPlugin:80 - create IPUIPlugin
2025-10-13 15:06:08,928 [INFO] PluginManager:220 - loadIPPluginJar : add ddr_ctrl_phy
2025-10-13 15:06:08,931 [INFO] IPUIPlugin:80 - create IPUIPlugin
2025-10-13 15:06:08,931 [INFO] PluginManager:220 - loadIPPluginJar : add dfsdm
2025-10-13 15:06:08,942 [INFO] IPUIPlugin:80 - create IPUIPlugin
2025-10-13 15:06:08,942 [INFO] PluginManager:220 - loadIPPluginJar : add dma
2025-10-13 15:06:08,942 [INFO] IPUIPlugin:80 - create IPUIPlugin
2025-10-13 15:06:08,942 [INFO] PluginManager:220 - loadIPPluginJar : add dma3
2025-10-13 15:06:08,952 [INFO] IPUIPlugin:80 - create IPUIPlugin
2025-10-13 15:06:08,952 [INFO] PluginManager:220 - loadIPPluginJar : add extmemmanager
2025-10-13 15:06:08,952 [INFO] IPUIPlugin:80 - create IPUIPlugin
2025-10-13 15:06:08,952 [INFO] PluginManager:220 - loadIPPluginJar : add fatfs
2025-10-13 15:06:08,967 [INFO] IPUIPlugin:80 - create IPUIPlugin
2025-10-13 15:06:08,972 [INFO] PluginManager:220 - loadIPPluginJar : add fmc
2025-10-13 15:06:08,985 [INFO] IPUIPlugin:80 - create IPUIPlugin
2025-10-13 15:06:08,985 [INFO] PluginManager:220 - loadIPPluginJar : add freertos
2025-10-13 15:06:08,989 [INFO] IPUIPlugin:80 - create IPUIPlugin
2025-10-13 15:06:08,989 [INFO] PluginManager:220 - loadIPPluginJar : add genericplugin
2025-10-13 15:06:08,993 [INFO] IPUIPlugin:80 - create IPUIPlugin
2025-10-13 15:06:08,993 [INFO] PluginManager:220 - loadIPPluginJar : add gfxmmu
2025-10-13 15:06:09,003 [INFO] IPUIPlugin:80 - create IPUIPlugin
2025-10-13 15:06:09,005 [INFO] PluginManager:220 - loadIPPluginJar : add gic
2025-10-13 15:06:09,007 [INFO] IPUIPlugin:80 - create IPUIPlugin
2025-10-13 15:06:09,007 [INFO] PluginManager:220 - loadIPPluginJar : add gpio
2025-10-13 15:06:09,015 [INFO] IPUIPlugin:80 - create IPUIPlugin
2025-10-13 15:06:09,021 [INFO] PluginManager:220 - loadIPPluginJar : add gtzc
2025-10-13 15:06:09,026 [INFO] IPUIPlugin:80 - create IPUIPlugin
2025-10-13 15:06:09,027 [INFO] PluginManager:220 - loadIPPluginJar : add hash
2025-10-13 15:06:09,034 [INFO] IPUIPlugin:80 - create IPUIPlugin
2025-10-13 15:06:09,035 [INFO] PluginManager:220 - loadIPPluginJar : add i2c
2025-10-13 15:06:09,045 [INFO] IPUIPlugin:80 - create IPUIPlugin
2025-10-13 15:06:09,045 [INFO] PluginManager:220 - loadIPPluginJar : add i2s
2025-10-13 15:06:09,053 [INFO] IPUIPlugin:80 - create IPUIPlugin
2025-10-13 15:06:09,054 [INFO] PluginManager:220 - loadIPPluginJar : add i3c
2025-10-13 15:06:09,060 [INFO] IPUIPlugin:80 - create IPUIPlugin
2025-10-13 15:06:09,060 [INFO] PluginManager:220 - loadIPPluginJar : add ipddr
2025-10-13 15:06:09,077 [INFO] IPUIPlugin:80 - create IPUIPlugin
2025-10-13 15:06:09,077 [INFO] PluginManager:220 - loadIPPluginJar : add linkedlist
2025-10-13 15:06:09,084 [INFO] IPUIPlugin:80 - create IPUIPlugin
2025-10-13 15:06:09,084 [INFO] PluginManager:220 - loadIPPluginJar : add lorawan
2025-10-13 15:06:09,088 [INFO] IPUIPlugin:80 - create IPUIPlugin
2025-10-13 15:06:09,088 [INFO] PluginManager:220 - loadIPPluginJar : add ltdc
2025-10-13 15:06:09,100 [INFO] IPUIPlugin:80 - create IPUIPlugin
2025-10-13 15:06:09,100 [INFO] PluginManager:220 - loadIPPluginJar : add mdma
2025-10-13 15:06:09,100 [INFO] IPUIPlugin:80 - create IPUIPlugin
2025-10-13 15:06:09,110 [INFO] PluginManager:220 - loadIPPluginJar : add nvic
2025-10-13 15:06:09,115 [INFO] IPUIPlugin:80 - create IPUIPlugin
2025-10-13 15:06:09,115 [INFO] PluginManager:220 - loadIPPluginJar : add opamp
2025-10-13 15:06:09,124 [INFO] IPUIPlugin:80 - create IPUIPlugin
2025-10-13 15:06:09,126 [INFO] PluginManager:220 - loadIPPluginJar : add openamp
2025-10-13 15:06:09,130 [INFO] IPUIPlugin:80 - create IPUIPlugin
2025-10-13 15:06:09,130 [INFO] PluginManager:220 - loadIPPluginJar : add pdm2pcm
2025-10-13 15:06:09,151 [INFO] IPUIPlugin:80 - create IPUIPlugin
2025-10-13 15:06:09,161 [INFO] PluginManager:220 - loadIPPluginJar : add plateformsettings
2025-10-13 15:06:09,161 [INFO] IPUIPlugin:80 - create IPUIPlugin
2025-10-13 15:06:09,161 [INFO] PluginManager:220 - loadIPPluginJar : add quadspi
2025-10-13 15:06:09,176 [INFO] IPUIPlugin:80 - create IPUIPlugin
2025-10-13 15:06:09,178 [INFO] PluginManager:220 - loadIPPluginJar : add radio
2025-10-13 15:06:09,190 [INFO] IPUIPlugin:80 - create IPUIPlugin
2025-10-13 15:06:09,190 [INFO] PluginManager:220 - loadIPPluginJar : add resmgrutility
2025-10-13 15:06:09,201 [INFO] IPUIPlugin:80 - create IPUIPlugin
2025-10-13 15:06:09,201 [INFO] PluginManager:220 - loadIPPluginJar : add sai
2025-10-13 15:06:09,212 [INFO] IPUIPlugin:80 - create IPUIPlugin
2025-10-13 15:06:09,212 [INFO] PluginManager:220 - loadIPPluginJar : add spi
2025-10-13 15:06:09,229 [INFO] IPUIPlugin:80 - create IPUIPlugin
2025-10-13 15:06:09,229 [INFO] PluginManager:220 - loadIPPluginJar : add stm32_wpan
2025-10-13 15:06:09,232 [INFO] IPUIPlugin:80 - create IPUIPlugin
2025-10-13 15:06:09,232 [INFO] PluginManager:220 - loadIPPluginJar : add tim
2025-10-13 15:06:09,241 [INFO] IPUIPlugin:80 - create IPUIPlugin
2025-10-13 15:06:09,243 [INFO] PluginManager:220 - loadIPPluginJar : add touchsensing
2025-10-13 15:06:09,247 [INFO] IPUIPlugin:80 - create IPUIPlugin
2025-10-13 15:06:09,247 [INFO] PluginManager:220 - loadIPPluginJar : add tracer_emb
2025-10-13 15:06:09,254 [INFO] IPUIPlugin:80 - create IPUIPlugin
2025-10-13 15:06:09,254 [INFO] PluginManager:220 - loadIPPluginJar : add ts
2025-10-13 15:06:09,257 [INFO] IPUIPlugin:80 - create IPUIPlugin
2025-10-13 15:06:09,257 [INFO] PluginManager:220 - loadIPPluginJar : add tsc
2025-10-13 15:06:09,259 [INFO] IPUIPlugin:80 - create IPUIPlugin
2025-10-13 15:06:09,259 [INFO] PluginManager:220 - loadIPPluginJar : add ucpd
2025-10-13 15:06:09,265 [INFO] IPUIPlugin:80 - create IPUIPlugin
2025-10-13 15:06:09,265 [INFO] PluginManager:220 - loadIPPluginJar : add usart
2025-10-13 15:06:09,271 [INFO] IPUIPlugin:80 - create IPUIPlugin
2025-10-13 15:06:09,271 [INFO] PluginManager:220 - loadIPPluginJar : add usbx
2025-10-13 15:06:09,463 [FATAL] Updater:351 - Updater called before beeing initialized
2025-10-13 15:06:09,545 [INFO] RulesReader:64 - Compatibility file has been processed (317 Rules)
2025-10-13 15:06:09,593 [INFO] RulesReader:64 - Compatibility file has been processed (317 Rules)
2025-10-13 15:06:09,615 [INFO] CADModel:165 - CPN selected for project level
2025-10-13 15:06:09,619 [INFO] CADModel:114 - Register for checkConnection events
2025-10-13 15:06:09,619 [FATAL] Updater:351 - Updater called before beeing initialized
2025-10-13 15:06:09,619 [ERROR] CADModel:125 - Updater not yet initialized, retry later 
2025-10-13 15:06:09,977 [FATAL] Updater:351 - Updater called before beeing initialized
2025-10-13 15:06:09,981 [INFO] CADModel:165 - CPN selected for project level
2025-10-13 15:06:09,981 [INFO] CADModel:114 - Register for checkConnection events
2025-10-13 15:06:09,982 [FATAL] Updater:351 - Updater called before beeing initialized
2025-10-13 15:06:09,982 [ERROR] CADModel:125 - Updater not yet initialized, retry later 
2025-10-13 15:06:09,988 [FATAL] Updater:351 - Updater called before beeing initialized
2025-10-13 15:06:10,183 [FATAL] Updater:351 - Updater called before beeing initialized
2025-10-13 15:06:10,193 [INFO] DbMcusAds:53 - JSON generation date=Thu Oct 02 11:36:05 CEST 2025 (1759397765645)
2025-10-13 15:06:10,193 [FATAL] Updater:351 - Updater called before beeing initialized
2025-10-13 15:06:10,305 [WARN] DetailPanel:346 - Failed to get advertising image, set to default
2025-10-13 15:06:10,422 [FATAL] Updater:351 - Updater called before beeing initialized
2025-10-13 15:06:10,424 [FATAL] Updater:351 - Updater called before beeing initialized
2025-10-13 15:06:10,424 [FATAL] Updater:351 - Updater called before beeing initialized
2025-10-13 15:06:10,424 [WARN] DetailPanel:346 - Failed to get advertising image, set to default
2025-10-13 15:06:10,426 [FATAL] Updater:351 - Updater called before beeing initialized
2025-10-13 15:06:10,510 [ERROR] Updater:1198 - MainUpdater not yet initialized. External WinMGr cannot be set.
2025-10-13 15:06:10,521 [INFO] Updater:1134 - Updater Version found : 6.15.0
2025-10-13 15:06:10,551 [INFO] ApplicationProperties:184 - Using Application install path: C:\ST\STM32CubeIDE_1.16.0\STM32CubeIDE\plugins\com.st.stm32cube.common.mx_6.15.0.202507011659
2025-10-13 15:06:10,642 [INFO] ThirdPartyUpdaterWithRetryManager:70 - Updater plugin not ready yet. [2/15]
2025-10-13 15:06:12,186 [ERROR] LogOutputStream:75 - [STDERR_REDIRECT] Oct 13, 2025 3:06:12 PM java.util.prefs.WindowsPreferences <init>
2025-10-13 15:06:12,190 [ERROR] LogOutputStream:75 - [STDERR_REDIRECT] WARNING: Could not open/create prefs root node Software\JavaSoft\Prefs at root 0xffffffff80000002. Windows RegCreateKeyEx(...) returned error code 5.
2025-10-13 15:06:12,192 [ERROR] LogOutputStream:75 - [STDERR_REDIRECT] 
2025-10-13 15:06:13,067 [INFO] MainUpdater:2872 - connection check result : 10
2025-10-13 15:06:13,070 [INFO] MainUpdater:289 - Updater Check For Update Now.
2025-10-13 15:06:13,070 [INFO] MicroXplorer:498 - Change Database Version : DB.6.0.150
2025-10-13 15:06:13,084 [INFO] McuFinderGlobals:63 - Set McuFinder mode to 2 (CubeIDE integrated)
2025-10-13 15:06:13,087 [INFO] UserAuth:487 - Internet connection configuration mode: 1
2025-10-13 15:06:13,146 [INFO] JxBrowserEngine:152 - Initiate JxBrowser Engine with user profile folder
2025-10-13 15:06:13,334 [INFO] CheckServerUpdateThread:120 - End of CheckServer Thread
2025-10-13 15:06:14,715 [WARN] PackLoader:240 - Cannot read IP mode file for STMicroelectronics.FP-SNS-MOTENVWB1.1.4.0
2025-10-13 15:06:14,732 [WARN] PackLoader:240 - Cannot read IP mode file for STMicroelectronics.FP-ATR-ASTRA1.2.0.2
2025-10-13 15:06:14,750 [WARN] PackLoader:240 - Cannot read IP mode file for STMicroelectronics.X-CUBE-SMBUS.2.1.0
2025-10-13 15:06:14,761 [WARN] PackLoader:240 - Cannot read IP mode file for STMicroelectronics.X-CUBE-ST60.1.0.0
2025-10-13 15:06:15,004 [WARN] PackLoader:240 - Cannot read IP mode file for STMicroelectronics.X-CUBE-AZRTOS-F7.1.1.0
2025-10-13 15:06:15,224 [WARN] PackLoader:240 - Cannot read IP mode file for STMicroelectronics.X-CUBE-MEMS1.11.0.0
2025-10-13 15:06:15,473 [WARN] PackLoader:240 - Cannot read IP mode file for STMicroelectronics.FP-SNS-FLIGHT1.5.0.2
2025-10-13 15:06:15,547 [WARN] PackLoader:240 - Cannot read IP mode file for STMicroelectronics.X-CUBE-AZRTOS-H7.3.4.0
2025-10-13 15:06:15,610 [WARN] PackLoader:240 - Cannot read IP mode file for STMicroelectronics.X-CUBE-DISPLAY.3.0.0
2025-10-13 15:06:15,640 [WARN] PackLoader:240 - Cannot read IP mode file for STMicroelectronics.X-CUBE-BLE1.7.0.0
2025-10-13 15:06:15,652 [WARN] PackLoader:240 - Cannot read IP mode file for STMicroelectronics.X-CUBE-NFC10.1.0.0
2025-10-13 15:06:15,667 [WARN] PackLoader:240 - Cannot read IP mode file for emotas.I-CUBE-CANOPEN.1.3.0
2025-10-13 15:06:15,683 [WARN] PackLoader:240 - Cannot read IP mode file for STMicroelectronics.X-CUBE-BLEMGR.3.1.0
2025-10-13 15:06:15,683 [INFO] WebApp:169 - Instantiating new browser for Auth
2025-10-13 15:06:15,695 [WARN] PackLoader:240 - Cannot read IP mode file for STMicroelectronics.FP-SNS-STBOX1.2.1.0
2025-10-13 15:06:15,778 [WARN] PackLoader:240 - Cannot read IP mode file for STMicroelectronics.FP-SNS-SMARTAG2.1.2.0
2025-10-13 15:06:15,804 [WARN] PackLoader:240 - Cannot read IP mode file for STMicroelectronics.FP-SNS-FLIGHT1.5.1.0
2025-10-13 15:06:15,832 [INFO] LogOutputStream:77 - [STDOUT_REDIRECT] 1 : Invalid condition id : UX_CORESTACK_Condition cause : null
2025-10-13 15:06:15,832 [INFO] LogOutputStream:77 - [STDOUT_REDIRECT] 1 : Invalid condition id : UX_CORESTACK_Condition cause : null
2025-10-13 15:06:15,840 [INFO] LogOutputStream:77 - [STDOUT_REDIRECT] 1 : Invalid condition id : UX_CORESTACK_Condition cause : null
2025-10-13 15:06:15,843 [INFO] LogOutputStream:77 - [STDOUT_REDIRECT] 1 : Invalid condition id : UX_CORESTACK_Condition cause : null
2025-10-13 15:06:15,843 [INFO] LogOutputStream:77 - [STDOUT_REDIRECT] 1 : Invalid condition id : UX_CORESTACK_Condition cause : null
2025-10-13 15:06:15,848 [WARN] PackLoader:240 - Cannot read IP mode file for STMicroelectronics.X-CUBE-AZRTOS-WL.2.0.0
2025-10-13 15:06:15,866 [WARN] PackLoader:240 - Cannot read IP mode file for STMicroelectronics.FP-SNS-MOTENV1.5.0.0
2025-10-13 15:06:15,885 [WARN] PackLoader:240 - Cannot read IP mode file for wolfSSL.I-CUBE-wolfMQTT.1.19.0
2025-10-13 15:06:15,915 [WARN] PackLoader:240 - Cannot read IP mode file for WES.I-CUBE-Cesium.1.3.0
2025-10-13 15:06:15,924 [WARN] PackLoader:240 - Cannot read IP mode file for STMicroelectronics.X-CUBE-BLE2.3.3.0
2025-10-13 15:06:15,954 [WARN] PackLoader:240 - Cannot read IP mode file for STMicroelectronics.X-CUBE-NFC9.1.0.0
2025-10-13 15:06:15,974 [WARN] PackLoader:240 - Cannot read IP mode file for STMicroelectronics.X-CUBE-BLE1.7.1.0
2025-10-13 15:06:15,990 [WARN] PackLoader:240 - Cannot read IP mode file for STMicroelectronics.X-CUBE-TCPP.4.1.0
2025-10-13 15:06:16,006 [WARN] PackLoader:240 - Cannot read IP mode file for STMicroelectronics.X-CUBE-EEPRMA1.5.2.0
2025-10-13 15:06:16,020 [WARN] PackLoader:240 - Cannot read IP mode file for STMicroelectronics.X-CUBE-ST67W61.1.1.0
2025-10-13 15:06:16,053 [WARN] PackLoader:240 - Cannot read IP mode file for STMicroelectronics.X-CUBE-AZRTOS-G0.1.1.0
2025-10-13 15:06:16,080 [WARN] PackLoader:240 - Cannot read IP mode file for STMicroelectronics.X-CUBE-SAFEA1.1.2.2
2025-10-13 15:06:16,093 [WARN] PackLoader:240 - Cannot read IP mode file for STMicroelectronics.X-CUBE-NFC4.3.0.0
2025-10-13 15:06:16,107 [WARN] PackLoader:240 - Cannot read IP mode file for EmbeddedOffice.I-CUBE-FS-RTOS.1.0.1
2025-10-13 15:06:16,123 [WARN] PackLoader:240 - Cannot read IP mode file for STMicroelectronics.X-CUBE-WB05N.2.0.0
2025-10-13 15:06:16,133 [WARN] PackLoader:240 - Cannot read IP mode file for STMicroelectronics.X-CUBE-TCPP.4.2.0
2025-10-13 15:06:16,143 [WARN] PackLoader:240 - Cannot read IP mode file for RealThread.X-CUBE-RT-Thread_Nano.4.1.1
2025-10-13 15:06:16,152 [WARN] PackLoader:240 - Cannot read IP mode file for STMicroelectronics.FP-ATR-SIGFOX1.3.2.0
2025-10-13 15:06:16,164 [WARN] PackLoader:240 - Cannot read IP mode file for wolfSSL.I-CUBE-wolfSSL.5.7.2
2025-10-13 15:06:16,187 [WARN] PackLoader:240 - Cannot read IP mode file for STMicroelectronics.X-CUBE-EEPRMA1.5.1.0
2025-10-13 15:06:16,205 [WARN] PackLoader:240 - Cannot read IP mode file for ITTIA_DB.I-CUBE-ITTIADB.8.9.0
2025-10-13 15:06:16,225 [WARN] PackLoader:240 - Cannot read IP mode file for STMicroelectronics.X-CUBE-ST67W61.1.0.0
2025-10-13 15:06:16,236 [WARN] PackLoader:240 - Cannot read IP mode file for STMicroelectronics.X-CUBE-AI.10.2.0
2025-10-13 15:06:16,277 [WARN] PackLoader:240 - Cannot read IP mode file for SEGGER.I-CUBE-embOS.1.3.1
2025-10-13 15:06:16,322 [WARN] PackLoader:240 - Cannot read IP mode file for STMicroelectronics.X-CUBE-ALGOBUILD.1.4.0
2025-10-13 15:06:16,378 [WARN] PackLoader:240 - Cannot read IP mode file for STMicroelectronics.X-CUBE-MEMS1.11.3.0
2025-10-13 15:06:16,551 [WARN] PackLoader:240 - Cannot read IP mode file for STMicroelectronics.X-CUBE-PM33A1.1.0.0
2025-10-13 15:06:16,561 [WARN] PackLoader:240 - Cannot read IP mode file for STMicroelectronics.X-CUBE-GNSS1.6.0.0
2025-10-13 15:06:16,581 [WARN] PackLoader:240 - Cannot read IP mode file for STMicroelectronics.X-CUBE-AZRTOS-F4.1.1.0
2025-10-13 15:06:16,593 [WARN] PackLoader:240 - Cannot read IP mode file for Avnet-IotConnect.X-CUBE-IoTC-DA16k-PMOD.1.0.0
2025-10-13 15:06:16,603 [WARN] PackLoader:240 - Cannot read IP mode file for STMicroelectronics.X-CUBE-ISPU.2.1.0
2025-10-13 15:06:16,623 [WARN] PackLoader:240 - Cannot read IP mode file for STMicroelectronics.X-CUBE-IPS.3.2.0
2025-10-13 15:06:16,648 [WARN] PackLoader:240 - Cannot read IP mode file for STMicroelectronics.X-CUBE-FREERTOS.1.2.0
2025-10-13 15:06:16,673 [WARN] PackLoader:240 - Cannot read IP mode file for STMicroelectronics.X-CUBE-NFC12.1.0.0
2025-10-13 15:06:16,706 [WARN] PackLoader:240 - Cannot read IP mode file for STMicroelectronics.X-CUBE-AZRTOS-L5.2.0.0
2025-10-13 15:06:16,746 [WARN] PackLoader:240 - Cannot read IP mode file for STMicroelectronics.X-CUBE-NFC6.3.1.0
2025-10-13 15:06:16,762 [WARN] PackLoader:240 - Cannot read IP mode file for STMicroelectronics.X-CUBE-DPower.1.2.0
2025-10-13 15:06:16,768 [WARN] PackLoader:240 - Cannot read IP mode file for STMicroelectronics.X-CUBE-AI.9.0.0
2025-10-13 15:06:16,776 [WARN] PackLoader:240 - Cannot read IP mode file for STMicroelectronics.X-CUBE-FREERTOS.1.3.1
2025-10-13 15:06:16,790 [WARN] PackLoader:240 - Cannot read IP mode file for STMicroelectronics.X-CUBE-NFC7.1.0.1
2025-10-13 15:06:16,801 [WARN] PackLoader:240 - Cannot read IP mode file for wolfSSL.I-CUBE-wolfTPM.3.2.0
2025-10-13 15:06:16,813 [WARN] PackLoader:240 - Cannot read IP mode file for STMicroelectronics.X-CUBE-TOUCHGFX.4.26.0
2025-10-13 15:06:16,847 [WARN] PackLoader:240 - Cannot read IP mode file for STMicroelectronics.FP-SNS-STAIOTCFT.1.0.0
2025-10-13 15:06:16,856 [WARN] PackLoader:240 - Cannot read IP mode file for STMicroelectronics.X-CUBE-DPower.1.3.0
2025-10-13 15:06:16,881 [WARN] ConditionMgr:438 - getConditionDescription Invalid condition id : LAN8742 Phy interface Condition cause : null
2025-10-13 15:06:16,883 [WARN] PackLoader:240 - Cannot read IP mode file for STMicroelectronics.X-CUBE-AZRTOS-L4.2.0.0
2025-10-13 15:06:16,883 [WARN] ConditionMgr:1044 - genDependencies : Invalid condition id : LAN8742 Phy interface Condition cause : null
2025-10-13 15:06:16,885 [WARN] ConditionMgr:1044 - genDependencies : Invalid condition id : LAN8742 Phy interface Condition cause : null
2025-10-13 15:06:16,885 [WARN] ConditionMgr:1044 - genDependencies : Invalid condition id : LAN8742 Phy interface Condition cause : null
2025-10-13 15:06:16,891 [WARN] PackLoader:240 - Cannot read IP mode file for STMicroelectronics.X-CUBE-SFXS2LP1.4.0.0
2025-10-13 15:06:16,911 [WARN] PackLoader:240 - Cannot read IP mode file for STMicroelectronics.X-CUBE-AZRTOS-H7.3.3.0
2025-10-13 15:06:16,931 [WARN] PackLoader:240 - Cannot read IP mode file for STMicroelectronics.X-CUBE-BLEMGR.4.1.0
2025-10-13 15:06:16,952 [WARN] ConditionMgr:438 - getConditionDescription Invalid condition id : UX DEVICE CLASS RTOS Condition cause : null
2025-10-13 15:06:16,952 [WARN] ConditionMgr:438 - getConditionDescription Invalid condition id : UX DEVICE CLASS RTOS Condition cause : null
2025-10-13 15:06:16,952 [WARN] PackLoader:240 - Cannot read IP mode file for STMicroelectronics.X-CUBE-AZRTOS-WB.2.0.0
2025-10-13 15:06:16,962 [WARN] ConditionMgr:1044 - genDependencies : Invalid condition id : UX DEVICE CLASS RTOS Condition cause : null
2025-10-13 15:06:16,962 [WARN] ConditionMgr:1044 - genDependencies : Invalid condition id : UX DEVICE CLASS RTOS Condition cause : null
2025-10-13 15:06:16,962 [WARN] ConditionMgr:1044 - genDependencies : Invalid condition id : UX DEVICE CLASS RTOS Condition cause : null
2025-10-13 15:06:16,962 [WARN] ConditionMgr:1044 - genDependencies : Invalid condition id : UX DEVICE CLASS RTOS Condition cause : null
2025-10-13 15:06:16,962 [WARN] ConditionMgr:1044 - genDependencies : Invalid condition id : UX DEVICE CLASS RTOS Condition cause : null
2025-10-13 15:06:16,972 [WARN] PackLoader:240 - Cannot read IP mode file for STMicroelectronics.X-CUBE-GNSS1.7.0.0
2025-10-13 15:06:16,972 [WARN] PackLoader:240 - Cannot read IP mode file for STMicroelectronics.X-CUBE-GNSS1.7.0.1
2025-10-13 15:06:16,983 [WARN] PackLoader:240 - Cannot read IP mode file for STMicroelectronics.X-CUBE-TOUCHGFX.4.25.0
2025-10-13 15:06:16,993 [WARN] PackLoader:240 - Cannot read IP mode file for STMicroelectronics.FP-SNS-STBOX1.2.0.0
2025-10-13 15:06:17,003 [WARN] ConditionMgr:438 - getConditionDescription Invalid condition id : Cortex-A Device cause : null
2025-10-13 15:06:17,024 [WARN] ConditionMgr:1044 - genDependencies : Invalid condition id : Cortex-A Device cause : null
2025-10-13 15:06:17,024 [WARN] ConditionMgr:1044 - genDependencies : Invalid condition id : Cortex-A Device cause : null
2025-10-13 15:06:17,024 [WARN] ConditionMgr:1044 - genDependencies : Invalid condition id : Cortex-A Device cause : null
2025-10-13 15:06:17,040 [WARN] PackLoader:240 - Cannot read IP mode file for STMicroelectronics.X-CUBE-SUBG2.5.0.0
2025-10-13 15:06:17,066 [WARN] PackLoader:240 - Cannot read IP mode file for STMicroelectronics.X-CUBE-AZRTOS-H7RS.1.1.0
2025-10-13 15:06:17,082 [WARN] PackLoader:240 - Cannot read IP mode file for Cesanta.I-CUBE-Mongoose.7.13.0
2025-10-13 15:06:17,106 [WARN] PackLoader:240 - Cannot read IP mode file for STMicroelectronics.X-CUBE-AZRTOS-G4.2.0.0
2025-10-13 15:06:17,126 [WARN] PackLoader:240 - Cannot read IP mode file for STMicroelectronics.X-CUBE-NFC7.2.0.0
2025-10-13 15:06:17,141 [WARN] PackLoader:240 - Cannot read IP mode file for STMicroelectronics.X-CUBE-ISPU.2.0.0
2025-10-13 15:06:17,160 [WARN] PackLoader:240 - Cannot read IP mode file for STMicroelectronics.X-CUBE-IPS.3.1.0
2025-10-13 15:06:17,178 [WARN] PackLoader:240 - Cannot read IP mode file for STMicroelectronics.X-CUBE-ALS.1.0.2
2025-10-13 15:06:17,318 [WARN] PackLoader:240 - Cannot read IP mode file for STMicroelectronics.X-CUBE-MEMS1.10.0.0
2025-10-13 15:06:17,506 [INFO] WebApp:463 - Apply proxy settings
2025-10-13 15:06:17,508 [INFO] WebApp:548 - Chromium requires no authentication
2025-10-13 15:06:17,522 [WARN] PackLoader:240 - Cannot read IP mode file for STMicroelectronics.X-CUBE-TOUCHGFX.4.24.0
2025-10-13 15:06:17,536 [WARN] PackLoader:240 - Cannot read IP mode file for STMicroelectronics.X-CUBE-TOUCHGFX.4.24.1
2025-10-13 15:06:17,537 [INFO] WebApp:491 - Direct internet connection detected
2025-10-13 15:06:17,553 [WARN] PackLoader:240 - Cannot read IP mode file for STMicroelectronics.X-CUBE-STSE01.1.0.0
2025-10-13 15:06:17,570 [WARN] PackLoader:240 - Cannot read IP mode file for portGmbH.I-Cube-SoM-uGOAL.1.1.0
2025-10-13 15:06:17,599 [WARN] PackLoader:240 - Cannot read IP mode file for STMicroelectronics.X-CUBE-AZRTOS-H7RS.1.0.0
2025-10-13 15:06:17,601 [INFO] WebApp:900 - Register for checkConnection events
2025-10-13 15:06:17,601 [INFO] WebApp:463 - Apply proxy settings
2025-10-13 15:06:17,601 [INFO] WebApp:548 - Chromium requires no authentication
2025-10-13 15:06:17,603 [INFO] WebApp:491 - Direct internet connection detected
2025-10-13 15:06:17,613 [WARN] PackLoader:240 - Cannot read IP mode file for STMicroelectronics.FP-ATR-ASTRA1.2.0.0
2025-10-13 15:06:17,648 [WARN] PackLoader:240 - Cannot read IP mode file for STMicroelectronics.X-CUBE-TOF1.3.4.2
2025-10-13 15:06:17,675 [WARN] PackLoader:240 - Cannot read IP mode file for STMicroelectronics.X-CUBE-TOF1.3.4.3
2025-10-13 15:06:17,708 [WARN] PackLoader:240 - Cannot read IP mode file for STMicroelectronics.X-CUBE-TOF1.3.4.1
2025-10-13 15:06:17,749 [WARN] PackLoader:240 - Cannot read IP mode file for STMicroelectronics.X-CUBE-AZRTOS-H7.3.2.0
2025-10-13 15:06:17,797 [WARN] PackLoader:240 - Cannot read IP mode file for Infineon.AIROC-Wi-Fi-Bluetooth-STM32.1.6.0
2025-10-13 15:06:17,814 [WARN] PackLoader:240 - Cannot read IP mode file for wolfSSL.I-CUBE-wolfSSH.1.4.17
2025-10-13 15:06:17,816 [INFO] ThirdParty:978 - Integrity check success = true
2025-10-13 15:06:17,816 [INFO] IntegrityCheckThread:100 - exiting critical section [integrity check]
2025-10-13 15:06:17,816 [INFO] IntegrityCheckThread:103 - End integrity checks thread
2025-10-13 15:06:17,969 [INFO] WebApp:191 - Connection restablished
2025-10-13 15:06:18,412 [INFO] WebApp:225 - Starting web application
2025-10-13 15:06:18,412 [INFO] WebApp:593 - Web application path used C:\ST\STM32CubeIDE_1.16.0\STM32CubeIDE\plugins\com.st.stm32cube.common.mx_6.15.0.202507011659\db\plugins\mcufinder\reactClient1\index.html
2025-10-13 15:06:18,872 [INFO] UserAuth:487 - Internet connection configuration mode: 1
